<?xml version="1.0" encoding="UTF-8"?>
<!-- Generated by org.testng.reporters.JUnitXMLReporter -->
<testsuite hostname="mohammeds-MBP" ignored="0" name="Add Customer Test" tests="2" failures="2" timestamp="08 Feb 2019 05:15:14 GMT" time="0.877" errors="0">
  <testcase name="addCustomerTest" time="0.001" classname="com.w2a.testcases.AddCustomerTest">
    <failure type="java.lang.AssertionError" message="Failing Test Case">
      <![CDATA[java.lang.AssertionError: Failing Test Case
	at com.w2a.testcases.AddCustomerTest.addCustomerTest(AddCustomerTest.java:28)
... Removed 26 stack frames]]>
    </failure>
  </testcase> <!-- addCustomerTest -->
  <testcase name="addCustomerTest" time="0.001" classname="com.w2a.testcases.AddCustomerTest">
    <failure type="java.lang.AssertionError" message="Failing Test Case">
      <![CDATA[java.lang.AssertionError: Failing Test Case
	at com.w2a.testcases.AddCustomerTest.addCustomerTest(AddCustomerTest.java:28)
... Removed 26 stack frames]]>
    </failure>
  </testcase> <!-- addCustomerTest -->
</testsuite> <!-- Add Customer Test -->
